<?xml version="1.0" encoding="UTF-8"?>
<testng-results ignored="0" total="1" passed="1" failed="0" skipped="0">
  <reporter-output>
  </reporter-output>
  <suite started-at="2023-09-22T10:28:36 IST" name="Default suite" finished-at="2023-09-22T10:28:47 IST" duration-ms="10329">
    <groups>
    </groups>
    <test started-at="2023-09-22T10:28:36 IST" name="Default test" finished-at="2023-09-22T10:28:47 IST" duration-ms="10329">
      <class name="test.SetUp">
        <test-method is-config="true" signature="beforeTest()[pri:0, instance:test.SetUp@776aec5c]" started-at="2023-09-22T10:28:36 IST" name="beforeTest" finished-at="2023-09-22T10:28:36 IST" duration-ms="9" status="PASS">
          <reporter-output>
          </reporter-output>
        </test-method> <!-- beforeTest -->
        <test-method signature="launcher()[pri:0, instance:test.SetUp@776aec5c]" started-at="2023-09-22T10:28:36 IST" name="launcher" finished-at="2023-09-22T10:28:47 IST" duration-ms="10153" status="PASS">
          <reporter-output>
          </reporter-output>
        </test-method> <!-- launcher -->
        <test-method is-config="true" signature="afterTest()[pri:0, instance:test.SetUp@776aec5c]" started-at="2023-09-22T10:28:47 IST" name="afterTest" finished-at="2023-09-22T10:28:47 IST" duration-ms="138" status="PASS">
          <reporter-output>
          </reporter-output>
        </test-method> <!-- afterTest -->
      </class> <!-- test.SetUp -->
    </test> <!-- Default test -->
  </suite> <!-- Default suite -->
</testng-results>
